============================= test session starts ==============================
platform linux -- Python 3.12.3, pytest-9.0.2, pluggy-1.6.0
rootdir: /home/tomo/project/ac-cdd
configfile: pyproject.toml
plugins: hypothesis-6.148.7, logfire-4.16.0, langsmith-0.4.59, asyncio-1.3.0, cov-7.0.0, anyio-4.12.0
asyncio: mode=Mode.STRICT, debug=False, asyncio_default_fixture_loop_scope=None, asyncio_default_test_loop_scope=function
collected 1 item

tests/ac_cdd/integration/test_audit_loop.py DEBUG coder_session IN: iter=0, i=1, j=1, final_fix=False
Starting Auditor...
Checking out PR: http://pr
